\BOOKMARK [1][-]{section.1}{Introduzione}{}% 1
\BOOKMARK [2][-]{subsection.1.1}{Scopo del documento}{section.1}% 2
\BOOKMARK [2][-]{subsection.1.2}{Glossario}{section.1}% 3
\BOOKMARK [2][-]{subsection.1.3}{Riferimenti}{section.1}% 4
\BOOKMARK [3][-]{subsubsection.1.3.1}{Normativi}{subsection.1.3}% 5
\BOOKMARK [3][-]{subsubsection.1.3.2}{Informativi}{subsection.1.3}% 6
\BOOKMARK [1][-]{section.2}{Valutazione sul capitolato scelto}{}% 7
\BOOKMARK [2][-]{subsection.2.1}{Capitolato C3 - G\046B: monitoraggio intelligente di processi DevOps}{section.2}% 8
\BOOKMARK [3][-]{subsubsection.2.1.1}{Descrizione}{subsection.2.1}% 9
\BOOKMARK [3][-]{subsubsection.2.1.2}{Studio del dominio}{subsection.2.1}% 10
\BOOKMARK [1][-]{section.3}{Valutazione sugli altri capitolati}{}% 11
\BOOKMARK [2][-]{subsection.3.1}{Capitolato C1 - Butterfly}{section.3}% 12
\BOOKMARK [3][-]{subsubsection.3.1.1}{Descrizione}{subsection.3.1}% 13
\BOOKMARK [3][-]{subsubsection.3.1.2}{Studio del dominio}{subsection.3.1}% 14
\BOOKMARK [4][-]{paragraph.3.1.2.1}{Dominio applicativo}{subsubsection.3.1.2}% 15
\BOOKMARK [4][-]{paragraph.3.1.2.2}{Dominio tecnologico}{subsubsection.3.1.2}% 16
\BOOKMARK [4][-]{paragraph.3.1.2.3}{Aspetti positivi}{subsubsection.3.1.2}% 17
\BOOKMARK [4][-]{paragraph.3.1.2.4}{Aspetti negativi}{subsubsection.3.1.2}% 18
\BOOKMARK [4][-]{paragraph.3.1.2.5}{Conclusioni}{subsubsection.3.1.2}% 19
\BOOKMARK [2][-]{subsection.3.2}{Capitolato C2 - Colletta: piattaforma raccolta dati di analisi di testo}{section.3}% 20
\BOOKMARK [3][-]{subsubsection.3.2.1}{Descrizione}{subsection.3.2}% 21
\BOOKMARK [3][-]{subsubsection.3.2.2}{Studio del dominio}{subsection.3.2}% 22
\BOOKMARK [4][-]{paragraph.3.2.2.1}{Dominio applicativo}{subsubsection.3.2.2}% 23
\BOOKMARK [4][-]{paragraph.3.2.2.2}{Dominio tecnologico}{subsubsection.3.2.2}% 24
\BOOKMARK [4][-]{paragraph.3.2.2.3}{Aspetti positivi}{subsubsection.3.2.2}% 25
\BOOKMARK [4][-]{paragraph.3.2.2.4}{Aspetti negativi}{subsubsection.3.2.2}% 26
\BOOKMARK [4][-]{paragraph.3.2.2.5}{Conclusioni}{subsubsection.3.2.2}% 27
\BOOKMARK [2][-]{subsection.3.3}{Capitolato C4 - MegAlexa: arricchitore di skill di Amazon Alexa}{section.3}% 28
\BOOKMARK [3][-]{subsubsection.3.3.1}{Descrizione}{subsection.3.3}% 29
\BOOKMARK [3][-]{subsubsection.3.3.2}{Studio del dominio}{subsection.3.3}% 30
\BOOKMARK [4][-]{paragraph.3.3.2.1}{Dominio applicativo}{subsubsection.3.3.2}% 31
\BOOKMARK [4][-]{paragraph.3.3.2.2}{Dominio tecnologico}{subsubsection.3.3.2}% 32
\BOOKMARK [4][-]{paragraph.3.3.2.3}{Aspetti positivi}{subsubsection.3.3.2}% 33
\BOOKMARK [4][-]{paragraph.3.3.2.4}{Aspetti negativi}{subsubsection.3.3.2}% 34
\BOOKMARK [4][-]{paragraph.3.3.2.5}{Conclusioni}{subsubsection.3.3.2}% 35
\BOOKMARK [2][-]{subsection.3.4}{Capitolato C5 - P2PCS: piattaforma di peer-to-peer car sharing}{section.3}% 36
\BOOKMARK [3][-]{subsubsection.3.4.1}{Descrizione}{subsection.3.4}% 37
\BOOKMARK [3][-]{subsubsection.3.4.2}{Studio del dominio}{subsection.3.4}% 38
\BOOKMARK [4][-]{paragraph.3.4.2.1}{Dominio applicativo}{subsubsection.3.4.2}% 39
\BOOKMARK [4][-]{paragraph.3.4.2.2}{Dominio tecnologico}{subsubsection.3.4.2}% 40
\BOOKMARK [3][-]{subsubsection.3.4.3}{Aspetti positivi}{subsection.3.4}% 41
\BOOKMARK [3][-]{subsubsection.3.4.4}{Aspetti negativi}{subsection.3.4}% 42
\BOOKMARK [3][-]{subsubsection.3.4.5}{Conclusioni}{subsection.3.4}% 43
\BOOKMARK [2][-]{subsection.3.5}{Capitolato C6 - Soldino: piattaforma Ethereum per pagamenti IVA}{section.3}% 44
\BOOKMARK [3][-]{subsubsection.3.5.1}{Descrizione}{subsection.3.5}% 45
\BOOKMARK [3][-]{subsubsection.3.5.2}{Studio del dominio}{subsection.3.5}% 46
\BOOKMARK [4][-]{paragraph.3.5.2.1}{Dominio applicativo}{subsubsection.3.5.2}% 47
\BOOKMARK [4][-]{paragraph.3.5.2.2}{Dominio tecnologico}{subsubsection.3.5.2}% 48
\BOOKMARK [3][-]{subsubsection.3.5.3}{Aspetti positivi}{subsection.3.5}% 49
\BOOKMARK [3][-]{subsubsection.3.5.4}{Aspetti negativi}{subsection.3.5}% 50
\BOOKMARK [3][-]{subsubsection.3.5.5}{Conclusioni}{subsection.3.5}% 51
